2024-07-29 11:07:996 DEBUG PackageRelationshipCollection:307 - Parsing relationship: /xl/_rels/workbook.xml.rels
2024-07-29 11:07:09 DEBUG PackageRelationshipCollection:307 - Parsing relationship: /xl/worksheets/_rels/sheet1.xml.rels
2024-07-29 11:07:12 DEBUG PackageRelationshipCollection:307 - Parsing relationship: /_rels/.rels
2024-07-29 11:07:339 DEBUG POIXMLFactory:65 - using default POIXMLDocumentPart for http://schemas.openxmlformats.org/officeDocument/2006/relationships/printerSettings
2024-07-29 11:07:419 DEBUG PackageRelationshipCollection:307 - Parsing relationship: /xl/_rels/workbook.xml.rels
2024-07-29 11:07:420 DEBUG PackageRelationshipCollection:307 - Parsing relationship: /xl/worksheets/_rels/sheet1.xml.rels
2024-07-29 11:07:421 DEBUG PackageRelationshipCollection:307 - Parsing relationship: /_rels/.rels
2024-07-29 11:07:431 DEBUG POIXMLFactory:65 - using default POIXMLDocumentPart for http://schemas.openxmlformats.org/officeDocument/2006/relationships/printerSettings
2024-07-29 11:07:441 DEBUG PackageRelationshipCollection:307 - Parsing relationship: /xl/_rels/workbook.xml.rels
2024-07-29 11:07:442 DEBUG PackageRelationshipCollection:307 - Parsing relationship: /xl/worksheets/_rels/sheet1.xml.rels
2024-07-29 11:07:443 DEBUG PackageRelationshipCollection:307 - Parsing relationship: /_rels/.rels
2024-07-29 11:07:450 DEBUG POIXMLFactory:65 - using default POIXMLDocumentPart for http://schemas.openxmlformats.org/officeDocument/2006/relationships/printerSettings
2024-07-29 11:07:467 DEBUG PackageRelationshipCollection:307 - Parsing relationship: /xl/_rels/workbook.xml.rels
2024-07-29 11:07:468 DEBUG PackageRelationshipCollection:307 - Parsing relationship: /xl/worksheets/_rels/sheet1.xml.rels
2024-07-29 11:07:469 DEBUG PackageRelationshipCollection:307 - Parsing relationship: /_rels/.rels
2024-07-29 11:07:476 DEBUG POIXMLFactory:65 - using default POIXMLDocumentPart for http://schemas.openxmlformats.org/officeDocument/2006/relationships/printerSettings
2024-07-29 11:07:487 DEBUG PackageRelationshipCollection:307 - Parsing relationship: /xl/_rels/workbook.xml.rels
2024-07-29 11:07:487 DEBUG PackageRelationshipCollection:307 - Parsing relationship: /xl/worksheets/_rels/sheet1.xml.rels
2024-07-29 11:07:489 DEBUG PackageRelationshipCollection:307 - Parsing relationship: /_rels/.rels
2024-07-29 11:07:497 DEBUG POIXMLFactory:65 - using default POIXMLDocumentPart for http://schemas.openxmlformats.org/officeDocument/2006/relationships/printerSettings
2024-07-29 11:07:507 DEBUG PackageRelationshipCollection:307 - Parsing relationship: /xl/_rels/workbook.xml.rels
2024-07-29 11:07:507 DEBUG PackageRelationshipCollection:307 - Parsing relationship: /xl/worksheets/_rels/sheet1.xml.rels
2024-07-29 11:07:508 DEBUG PackageRelationshipCollection:307 - Parsing relationship: /_rels/.rels
2024-07-29 11:07:515 DEBUG POIXMLFactory:65 - using default POIXMLDocumentPart for http://schemas.openxmlformats.org/officeDocument/2006/relationships/printerSettings
2024-07-29 11:07:526 DEBUG PackageRelationshipCollection:307 - Parsing relationship: /xl/_rels/workbook.xml.rels
2024-07-29 11:07:527 DEBUG PackageRelationshipCollection:307 - Parsing relationship: /xl/worksheets/_rels/sheet1.xml.rels
2024-07-29 11:07:527 DEBUG PackageRelationshipCollection:307 - Parsing relationship: /_rels/.rels
2024-07-29 11:07:535 DEBUG POIXMLFactory:65 - using default POIXMLDocumentPart for http://schemas.openxmlformats.org/officeDocument/2006/relationships/printerSettings
2024-07-29 11:07:547 DEBUG PackageRelationshipCollection:307 - Parsing relationship: /xl/_rels/workbook.xml.rels
2024-07-29 11:07:548 DEBUG PackageRelationshipCollection:307 - Parsing relationship: /xl/worksheets/_rels/sheet1.xml.rels
2024-07-29 11:07:550 DEBUG PackageRelationshipCollection:307 - Parsing relationship: /_rels/.rels
2024-07-29 11:07:562 DEBUG POIXMLFactory:65 - using default POIXMLDocumentPart for http://schemas.openxmlformats.org/officeDocument/2006/relationships/printerSettings
2024-07-29 11:07:587 DEBUG PackageRelationshipCollection:307 - Parsing relationship: /xl/_rels/workbook.xml.rels
2024-07-29 11:07:590 DEBUG PackageRelationshipCollection:307 - Parsing relationship: /xl/worksheets/_rels/sheet1.xml.rels
2024-07-29 11:07:592 DEBUG PackageRelationshipCollection:307 - Parsing relationship: /_rels/.rels
2024-07-29 11:07:605 DEBUG POIXMLFactory:65 - using default POIXMLDocumentPart for http://schemas.openxmlformats.org/officeDocument/2006/relationships/printerSettings
2024-07-29 11:07:614 DEBUG PackageRelationshipCollection:307 - Parsing relationship: /xl/_rels/workbook.xml.rels
2024-07-29 11:07:614 DEBUG PackageRelationshipCollection:307 - Parsing relationship: /xl/worksheets/_rels/sheet1.xml.rels
2024-07-29 11:07:615 DEBUG PackageRelationshipCollection:307 - Parsing relationship: /_rels/.rels
2024-07-29 11:07:622 DEBUG POIXMLFactory:65 - using default POIXMLDocumentPart for http://schemas.openxmlformats.org/officeDocument/2006/relationships/printerSettings
2024-07-29 11:07:631 DEBUG PackageRelationshipCollection:307 - Parsing relationship: /xl/_rels/workbook.xml.rels
2024-07-29 11:07:632 DEBUG PackageRelationshipCollection:307 - Parsing relationship: /xl/worksheets/_rels/sheet1.xml.rels
2024-07-29 11:07:633 DEBUG PackageRelationshipCollection:307 - Parsing relationship: /_rels/.rels
2024-07-29 11:07:639 DEBUG POIXMLFactory:65 - using default POIXMLDocumentPart for http://schemas.openxmlformats.org/officeDocument/2006/relationships/printerSettings
2024-07-29 11:07:648 DEBUG PackageRelationshipCollection:307 - Parsing relationship: /xl/_rels/workbook.xml.rels
2024-07-29 11:07:649 DEBUG PackageRelationshipCollection:307 - Parsing relationship: /xl/worksheets/_rels/sheet1.xml.rels
2024-07-29 11:07:649 DEBUG PackageRelationshipCollection:307 - Parsing relationship: /_rels/.rels
2024-07-29 11:07:656 DEBUG POIXMLFactory:65 - using default POIXMLDocumentPart for http://schemas.openxmlformats.org/officeDocument/2006/relationships/printerSettings
2024-07-29 11:07:665 DEBUG PackageRelationshipCollection:307 - Parsing relationship: /xl/_rels/workbook.xml.rels
2024-07-29 11:07:666 DEBUG PackageRelationshipCollection:307 - Parsing relationship: /xl/worksheets/_rels/sheet1.xml.rels
2024-07-29 11:07:667 DEBUG PackageRelationshipCollection:307 - Parsing relationship: /_rels/.rels
2024-07-29 11:07:673 DEBUG POIXMLFactory:65 - using default POIXMLDocumentPart for http://schemas.openxmlformats.org/officeDocument/2006/relationships/printerSettings
2024-07-29 11:07:689 DEBUG PackageRelationshipCollection:307 - Parsing relationship: /xl/_rels/workbook.xml.rels
2024-07-29 11:07:690 DEBUG PackageRelationshipCollection:307 - Parsing relationship: /xl/worksheets/_rels/sheet1.xml.rels
2024-07-29 11:07:691 DEBUG PackageRelationshipCollection:307 - Parsing relationship: /_rels/.rels
2024-07-29 11:07:696 DEBUG POIXMLFactory:65 - using default POIXMLDocumentPart for http://schemas.openxmlformats.org/officeDocument/2006/relationships/printerSettings
2024-07-29 11:07:703 DEBUG PackageRelationshipCollection:307 - Parsing relationship: /xl/_rels/workbook.xml.rels
2024-07-29 11:07:705 DEBUG PackageRelationshipCollection:307 - Parsing relationship: /xl/worksheets/_rels/sheet1.xml.rels
2024-07-29 11:07:706 DEBUG PackageRelationshipCollection:307 - Parsing relationship: /_rels/.rels
2024-07-29 11:07:711 DEBUG POIXMLFactory:65 - using default POIXMLDocumentPart for http://schemas.openxmlformats.org/officeDocument/2006/relationships/printerSettings
2024-07-29 11:07:720 DEBUG PackageRelationshipCollection:307 - Parsing relationship: /xl/_rels/workbook.xml.rels
2024-07-29 11:07:721 DEBUG PackageRelationshipCollection:307 - Parsing relationship: /xl/worksheets/_rels/sheet1.xml.rels
2024-07-29 11:07:721 DEBUG PackageRelationshipCollection:307 - Parsing relationship: /_rels/.rels
2024-07-29 11:07:728 DEBUG POIXMLFactory:65 - using default POIXMLDocumentPart for http://schemas.openxmlformats.org/officeDocument/2006/relationships/printerSettings
2024-07-29 11:07:737 DEBUG PackageRelationshipCollection:307 - Parsing relationship: /xl/_rels/workbook.xml.rels
2024-07-29 11:07:738 DEBUG PackageRelationshipCollection:307 - Parsing relationship: /xl/worksheets/_rels/sheet1.xml.rels
2024-07-29 11:07:738 DEBUG PackageRelationshipCollection:307 - Parsing relationship: /_rels/.rels
2024-07-29 11:07:744 DEBUG POIXMLFactory:65 - using default POIXMLDocumentPart for http://schemas.openxmlformats.org/officeDocument/2006/relationships/printerSettings
2024-07-29 11:07:382 DEBUG PackageRelationshipCollection:307 - Parsing relationship: /xl/_rels/workbook.xml.rels
2024-07-29 11:07:396 DEBUG PackageRelationshipCollection:307 - Parsing relationship: /xl/worksheets/_rels/sheet1.xml.rels
2024-07-29 11:07:401 DEBUG PackageRelationshipCollection:307 - Parsing relationship: /_rels/.rels
2024-07-29 11:07:708 DEBUG POIXMLFactory:65 - using default POIXMLDocumentPart for http://schemas.openxmlformats.org/officeDocument/2006/relationships/printerSettings
2024-07-29 11:07:797 DEBUG PackageRelationshipCollection:307 - Parsing relationship: /xl/_rels/workbook.xml.rels
2024-07-29 11:07:798 DEBUG PackageRelationshipCollection:307 - Parsing relationship: /xl/worksheets/_rels/sheet1.xml.rels
2024-07-29 11:07:799 DEBUG PackageRelationshipCollection:307 - Parsing relationship: /_rels/.rels
2024-07-29 11:07:810 DEBUG POIXMLFactory:65 - using default POIXMLDocumentPart for http://schemas.openxmlformats.org/officeDocument/2006/relationships/printerSettings
2024-07-29 11:07:822 DEBUG PackageRelationshipCollection:307 - Parsing relationship: /xl/_rels/workbook.xml.rels
2024-07-29 11:07:823 DEBUG PackageRelationshipCollection:307 - Parsing relationship: /xl/worksheets/_rels/sheet1.xml.rels
2024-07-29 11:07:825 DEBUG PackageRelationshipCollection:307 - Parsing relationship: /_rels/.rels
2024-07-29 11:07:833 DEBUG POIXMLFactory:65 - using default POIXMLDocumentPart for http://schemas.openxmlformats.org/officeDocument/2006/relationships/printerSettings
2024-07-29 11:07:852 DEBUG PackageRelationshipCollection:307 - Parsing relationship: /xl/_rels/workbook.xml.rels
2024-07-29 11:07:854 DEBUG PackageRelationshipCollection:307 - Parsing relationship: /xl/worksheets/_rels/sheet1.xml.rels
2024-07-29 11:07:855 DEBUG PackageRelationshipCollection:307 - Parsing relationship: /_rels/.rels
2024-07-29 11:07:864 DEBUG POIXMLFactory:65 - using default POIXMLDocumentPart for http://schemas.openxmlformats.org/officeDocument/2006/relationships/printerSettings
2024-07-29 11:07:877 DEBUG PackageRelationshipCollection:307 - Parsing relationship: /xl/_rels/workbook.xml.rels
2024-07-29 11:07:878 DEBUG PackageRelationshipCollection:307 - Parsing relationship: /xl/worksheets/_rels/sheet1.xml.rels
2024-07-29 11:07:879 DEBUG PackageRelationshipCollection:307 - Parsing relationship: /_rels/.rels
2024-07-29 11:07:888 DEBUG POIXMLFactory:65 - using default POIXMLDocumentPart for http://schemas.openxmlformats.org/officeDocument/2006/relationships/printerSettings
2024-07-29 11:07:900 DEBUG PackageRelationshipCollection:307 - Parsing relationship: /xl/_rels/workbook.xml.rels
2024-07-29 11:07:902 DEBUG PackageRelationshipCollection:307 - Parsing relationship: /xl/worksheets/_rels/sheet1.xml.rels
2024-07-29 11:07:903 DEBUG PackageRelationshipCollection:307 - Parsing relationship: /_rels/.rels
2024-07-29 11:07:912 DEBUG POIXMLFactory:65 - using default POIXMLDocumentPart for http://schemas.openxmlformats.org/officeDocument/2006/relationships/printerSettings
2024-07-29 11:07:926 DEBUG PackageRelationshipCollection:307 - Parsing relationship: /xl/_rels/workbook.xml.rels
2024-07-29 11:07:927 DEBUG PackageRelationshipCollection:307 - Parsing relationship: /xl/worksheets/_rels/sheet1.xml.rels
2024-07-29 11:07:929 DEBUG PackageRelationshipCollection:307 - Parsing relationship: /_rels/.rels
2024-07-29 11:07:938 DEBUG POIXMLFactory:65 - using default POIXMLDocumentPart for http://schemas.openxmlformats.org/officeDocument/2006/relationships/printerSettings
2024-07-29 11:07:949 DEBUG PackageRelationshipCollection:307 - Parsing relationship: /xl/_rels/workbook.xml.rels
2024-07-29 11:07:950 DEBUG PackageRelationshipCollection:307 - Parsing relationship: /xl/worksheets/_rels/sheet1.xml.rels
2024-07-29 11:07:951 DEBUG PackageRelationshipCollection:307 - Parsing relationship: /_rels/.rels
2024-07-29 11:07:958 DEBUG POIXMLFactory:65 - using default POIXMLDocumentPart for http://schemas.openxmlformats.org/officeDocument/2006/relationships/printerSettings
2024-07-29 11:07:967 DEBUG PackageRelationshipCollection:307 - Parsing relationship: /xl/_rels/workbook.xml.rels
2024-07-29 11:07:968 DEBUG PackageRelationshipCollection:307 - Parsing relationship: /xl/worksheets/_rels/sheet1.xml.rels
2024-07-29 11:07:970 DEBUG PackageRelationshipCollection:307 - Parsing relationship: /_rels/.rels
2024-07-29 11:07:978 DEBUG POIXMLFactory:65 - using default POIXMLDocumentPart for http://schemas.openxmlformats.org/officeDocument/2006/relationships/printerSettings
2024-07-29 11:07:991 DEBUG PackageRelationshipCollection:307 - Parsing relationship: /xl/_rels/workbook.xml.rels
2024-07-29 11:07:992 DEBUG PackageRelationshipCollection:307 - Parsing relationship: /xl/worksheets/_rels/sheet1.xml.rels
2024-07-29 11:07:993 DEBUG PackageRelationshipCollection:307 - Parsing relationship: /_rels/.rels
2024-07-29 11:07:01 DEBUG POIXMLFactory:65 - using default POIXMLDocumentPart for http://schemas.openxmlformats.org/officeDocument/2006/relationships/printerSettings
2024-07-29 11:07:19 DEBUG PackageRelationshipCollection:307 - Parsing relationship: /xl/_rels/workbook.xml.rels
2024-07-29 11:07:23 DEBUG PackageRelationshipCollection:307 - Parsing relationship: /xl/worksheets/_rels/sheet1.xml.rels
2024-07-29 11:07:23 DEBUG PackageRelationshipCollection:307 - Parsing relationship: /_rels/.rels
2024-07-29 11:07:35 DEBUG POIXMLFactory:65 - using default POIXMLDocumentPart for http://schemas.openxmlformats.org/officeDocument/2006/relationships/printerSettings
2024-07-29 11:07:46 DEBUG PackageRelationshipCollection:307 - Parsing relationship: /xl/_rels/workbook.xml.rels
2024-07-29 11:07:47 DEBUG PackageRelationshipCollection:307 - Parsing relationship: /xl/worksheets/_rels/sheet1.xml.rels
2024-07-29 11:07:48 DEBUG PackageRelationshipCollection:307 - Parsing relationship: /_rels/.rels
2024-07-29 11:07:55 DEBUG POIXMLFactory:65 - using default POIXMLDocumentPart for http://schemas.openxmlformats.org/officeDocument/2006/relationships/printerSettings
2024-07-29 11:07:65 DEBUG PackageRelationshipCollection:307 - Parsing relationship: /xl/_rels/workbook.xml.rels
2024-07-29 11:07:68 DEBUG PackageRelationshipCollection:307 - Parsing relationship: /xl/worksheets/_rels/sheet1.xml.rels
2024-07-29 11:07:71 DEBUG PackageRelationshipCollection:307 - Parsing relationship: /_rels/.rels
2024-07-29 11:07:82 DEBUG POIXMLFactory:65 - using default POIXMLDocumentPart for http://schemas.openxmlformats.org/officeDocument/2006/relationships/printerSettings
2024-07-29 11:07:98 DEBUG PackageRelationshipCollection:307 - Parsing relationship: /xl/_rels/workbook.xml.rels
2024-07-29 11:07:100 DEBUG PackageRelationshipCollection:307 - Parsing relationship: /xl/worksheets/_rels/sheet1.xml.rels
2024-07-29 11:07:102 DEBUG PackageRelationshipCollection:307 - Parsing relationship: /_rels/.rels
2024-07-29 11:07:125 DEBUG POIXMLFactory:65 - using default POIXMLDocumentPart for http://schemas.openxmlformats.org/officeDocument/2006/relationships/printerSettings
2024-07-29 11:07:169 DEBUG PackageRelationshipCollection:307 - Parsing relationship: /xl/_rels/workbook.xml.rels
2024-07-29 11:07:173 DEBUG PackageRelationshipCollection:307 - Parsing relationship: /xl/worksheets/_rels/sheet1.xml.rels
2024-07-29 11:07:179 DEBUG PackageRelationshipCollection:307 - Parsing relationship: /_rels/.rels
2024-07-29 11:07:217 DEBUG POIXMLFactory:65 - using default POIXMLDocumentPart for http://schemas.openxmlformats.org/officeDocument/2006/relationships/printerSettings
2024-07-29 11:07:262 DEBUG PackageRelationshipCollection:307 - Parsing relationship: /xl/_rels/workbook.xml.rels
2024-07-29 11:07:264 DEBUG PackageRelationshipCollection:307 - Parsing relationship: /xl/worksheets/_rels/sheet1.xml.rels
2024-07-29 11:07:268 DEBUG PackageRelationshipCollection:307 - Parsing relationship: /_rels/.rels
2024-07-29 11:07:280 DEBUG POIXMLFactory:65 - using default POIXMLDocumentPart for http://schemas.openxmlformats.org/officeDocument/2006/relationships/printerSettings
2024-07-29 11:07:292 DEBUG PackageRelationshipCollection:307 - Parsing relationship: /xl/_rels/workbook.xml.rels
2024-07-29 11:07:293 DEBUG PackageRelationshipCollection:307 - Parsing relationship: /xl/worksheets/_rels/sheet1.xml.rels
2024-07-29 11:07:295 DEBUG PackageRelationshipCollection:307 - Parsing relationship: /_rels/.rels
2024-07-29 11:07:304 DEBUG POIXMLFactory:65 - using default POIXMLDocumentPart for http://schemas.openxmlformats.org/officeDocument/2006/relationships/printerSettings
2024-07-29 11:07:484 DEBUG TestNG:82 - suiteXmlPath: "C:\Users\rakes\eclipse-workspace\OpencartFramework\master.xml"
2024-07-29 11:07:888 INFO  Utils:112 - [TestNG] Running:
  C:\Users\rakes\eclipse-workspace\OpencartFramework\master.xml

2024-07-29 11:07:129 DEBUG TestNG:82 - suiteXmlPath: "C:\Users\rakes\eclipse-workspace\OpencartFramework\grouping.xml"
2024-07-29 11:07:368 INFO  Utils:112 - [TestNG] Running:
  C:\Users\rakes\eclipse-workspace\OpencartFramework\grouping.xml

2024-07-29 11:07:878 DEBUG PackageRelationshipCollection:307 - Parsing relationship: /xl/_rels/workbook.xml.rels
2024-07-29 11:07:885 DEBUG PackageRelationshipCollection:307 - Parsing relationship: /xl/worksheets/_rels/sheet1.xml.rels
2024-07-29 11:07:889 DEBUG PackageRelationshipCollection:307 - Parsing relationship: /_rels/.rels
2024-07-29 11:07:202 DEBUG POIXMLFactory:65 - using default POIXMLDocumentPart for http://schemas.openxmlformats.org/officeDocument/2006/relationships/printerSettings
2024-07-29 11:07:295 DEBUG PackageRelationshipCollection:307 - Parsing relationship: /xl/_rels/workbook.xml.rels
2024-07-29 11:07:296 DEBUG PackageRelationshipCollection:307 - Parsing relationship: /xl/worksheets/_rels/sheet1.xml.rels
2024-07-29 11:07:299 DEBUG PackageRelationshipCollection:307 - Parsing relationship: /_rels/.rels
2024-07-29 11:07:311 DEBUG POIXMLFactory:65 - using default POIXMLDocumentPart for http://schemas.openxmlformats.org/officeDocument/2006/relationships/printerSettings
2024-07-29 11:07:322 DEBUG PackageRelationshipCollection:307 - Parsing relationship: /xl/_rels/workbook.xml.rels
2024-07-29 11:07:324 DEBUG PackageRelationshipCollection:307 - Parsing relationship: /xl/worksheets/_rels/sheet1.xml.rels
2024-07-29 11:07:326 DEBUG PackageRelationshipCollection:307 - Parsing relationship: /_rels/.rels
2024-07-29 11:07:335 DEBUG POIXMLFactory:65 - using default POIXMLDocumentPart for http://schemas.openxmlformats.org/officeDocument/2006/relationships/printerSettings
2024-07-29 11:07:358 DEBUG PackageRelationshipCollection:307 - Parsing relationship: /xl/_rels/workbook.xml.rels
2024-07-29 11:07:359 DEBUG PackageRelationshipCollection:307 - Parsing relationship: /xl/worksheets/_rels/sheet1.xml.rels
2024-07-29 11:07:361 DEBUG PackageRelationshipCollection:307 - Parsing relationship: /_rels/.rels
2024-07-29 11:07:374 DEBUG POIXMLFactory:65 - using default POIXMLDocumentPart for http://schemas.openxmlformats.org/officeDocument/2006/relationships/printerSettings
2024-07-29 11:07:389 DEBUG PackageRelationshipCollection:307 - Parsing relationship: /xl/_rels/workbook.xml.rels
2024-07-29 11:07:391 DEBUG PackageRelationshipCollection:307 - Parsing relationship: /xl/worksheets/_rels/sheet1.xml.rels
2024-07-29 11:07:392 DEBUG PackageRelationshipCollection:307 - Parsing relationship: /_rels/.rels
2024-07-29 11:07:401 DEBUG POIXMLFactory:65 - using default POIXMLDocumentPart for http://schemas.openxmlformats.org/officeDocument/2006/relationships/printerSettings
2024-07-29 11:07:414 DEBUG PackageRelationshipCollection:307 - Parsing relationship: /xl/_rels/workbook.xml.rels
2024-07-29 11:07:415 DEBUG PackageRelationshipCollection:307 - Parsing relationship: /xl/worksheets/_rels/sheet1.xml.rels
2024-07-29 11:07:416 DEBUG PackageRelationshipCollection:307 - Parsing relationship: /_rels/.rels
2024-07-29 11:07:426 DEBUG POIXMLFactory:65 - using default POIXMLDocumentPart for http://schemas.openxmlformats.org/officeDocument/2006/relationships/printerSettings
2024-07-29 11:07:441 DEBUG PackageRelationshipCollection:307 - Parsing relationship: /xl/_rels/workbook.xml.rels
2024-07-29 11:07:441 DEBUG PackageRelationshipCollection:307 - Parsing relationship: /xl/worksheets/_rels/sheet1.xml.rels
2024-07-29 11:07:442 DEBUG PackageRelationshipCollection:307 - Parsing relationship: /_rels/.rels
2024-07-29 11:07:451 DEBUG POIXMLFactory:65 - using default POIXMLDocumentPart for http://schemas.openxmlformats.org/officeDocument/2006/relationships/printerSettings
2024-07-29 11:07:461 DEBUG PackageRelationshipCollection:307 - Parsing relationship: /xl/_rels/workbook.xml.rels
2024-07-29 11:07:462 DEBUG PackageRelationshipCollection:307 - Parsing relationship: /xl/worksheets/_rels/sheet1.xml.rels
2024-07-29 11:07:463 DEBUG PackageRelationshipCollection:307 - Parsing relationship: /_rels/.rels
2024-07-29 11:07:470 DEBUG POIXMLFactory:65 - using default POIXMLDocumentPart for http://schemas.openxmlformats.org/officeDocument/2006/relationships/printerSettings
2024-07-29 11:07:480 DEBUG PackageRelationshipCollection:307 - Parsing relationship: /xl/_rels/workbook.xml.rels
2024-07-29 11:07:481 DEBUG PackageRelationshipCollection:307 - Parsing relationship: /xl/worksheets/_rels/sheet1.xml.rels
2024-07-29 11:07:481 DEBUG PackageRelationshipCollection:307 - Parsing relationship: /_rels/.rels
2024-07-29 11:07:490 DEBUG POIXMLFactory:65 - using default POIXMLDocumentPart for http://schemas.openxmlformats.org/officeDocument/2006/relationships/printerSettings
2024-07-29 11:07:504 DEBUG PackageRelationshipCollection:307 - Parsing relationship: /xl/_rels/workbook.xml.rels
2024-07-29 11:07:504 DEBUG PackageRelationshipCollection:307 - Parsing relationship: /xl/worksheets/_rels/sheet1.xml.rels
2024-07-29 11:07:505 DEBUG PackageRelationshipCollection:307 - Parsing relationship: /_rels/.rels
2024-07-29 11:07:514 DEBUG POIXMLFactory:65 - using default POIXMLDocumentPart for http://schemas.openxmlformats.org/officeDocument/2006/relationships/printerSettings
2024-07-29 11:07:526 DEBUG PackageRelationshipCollection:307 - Parsing relationship: /xl/_rels/workbook.xml.rels
2024-07-29 11:07:528 DEBUG PackageRelationshipCollection:307 - Parsing relationship: /xl/worksheets/_rels/sheet1.xml.rels
2024-07-29 11:07:529 DEBUG PackageRelationshipCollection:307 - Parsing relationship: /_rels/.rels
2024-07-29 11:07:539 DEBUG POIXMLFactory:65 - using default POIXMLDocumentPart for http://schemas.openxmlformats.org/officeDocument/2006/relationships/printerSettings
2024-07-29 11:07:554 DEBUG PackageRelationshipCollection:307 - Parsing relationship: /xl/_rels/workbook.xml.rels
2024-07-29 11:07:555 DEBUG PackageRelationshipCollection:307 - Parsing relationship: /xl/worksheets/_rels/sheet1.xml.rels
2024-07-29 11:07:556 DEBUG PackageRelationshipCollection:307 - Parsing relationship: /_rels/.rels
2024-07-29 11:07:568 DEBUG POIXMLFactory:65 - using default POIXMLDocumentPart for http://schemas.openxmlformats.org/officeDocument/2006/relationships/printerSettings
2024-07-29 11:07:596 DEBUG PackageRelationshipCollection:307 - Parsing relationship: /xl/_rels/workbook.xml.rels
2024-07-29 11:07:597 DEBUG PackageRelationshipCollection:307 - Parsing relationship: /xl/worksheets/_rels/sheet1.xml.rels
2024-07-29 11:07:598 DEBUG PackageRelationshipCollection:307 - Parsing relationship: /_rels/.rels
2024-07-29 11:07:604 DEBUG POIXMLFactory:65 - using default POIXMLDocumentPart for http://schemas.openxmlformats.org/officeDocument/2006/relationships/printerSettings
2024-07-29 11:07:615 DEBUG PackageRelationshipCollection:307 - Parsing relationship: /xl/_rels/workbook.xml.rels
2024-07-29 11:07:617 DEBUG PackageRelationshipCollection:307 - Parsing relationship: /xl/worksheets/_rels/sheet1.xml.rels
2024-07-29 11:07:619 DEBUG PackageRelationshipCollection:307 - Parsing relationship: /_rels/.rels
2024-07-29 11:07:626 DEBUG POIXMLFactory:65 - using default POIXMLDocumentPart for http://schemas.openxmlformats.org/officeDocument/2006/relationships/printerSettings
2024-07-29 11:07:637 DEBUG PackageRelationshipCollection:307 - Parsing relationship: /xl/_rels/workbook.xml.rels
2024-07-29 11:07:639 DEBUG PackageRelationshipCollection:307 - Parsing relationship: /xl/worksheets/_rels/sheet1.xml.rels
2024-07-29 11:07:640 DEBUG PackageRelationshipCollection:307 - Parsing relationship: /_rels/.rels
2024-07-29 11:07:645 DEBUG POIXMLFactory:65 - using default POIXMLDocumentPart for http://schemas.openxmlformats.org/officeDocument/2006/relationships/printerSettings
2024-07-29 11:07:657 DEBUG PackageRelationshipCollection:307 - Parsing relationship: /xl/_rels/workbook.xml.rels
2024-07-29 11:07:659 DEBUG PackageRelationshipCollection:307 - Parsing relationship: /xl/worksheets/_rels/sheet1.xml.rels
2024-07-29 11:07:660 DEBUG PackageRelationshipCollection:307 - Parsing relationship: /_rels/.rels
2024-07-29 11:07:671 DEBUG POIXMLFactory:65 - using default POIXMLDocumentPart for http://schemas.openxmlformats.org/officeDocument/2006/relationships/printerSettings
2024-07-29 11:07:683 DEBUG PackageRelationshipCollection:307 - Parsing relationship: /xl/_rels/workbook.xml.rels
2024-07-29 11:07:684 DEBUG PackageRelationshipCollection:307 - Parsing relationship: /xl/worksheets/_rels/sheet1.xml.rels
2024-07-29 11:07:685 DEBUG PackageRelationshipCollection:307 - Parsing relationship: /_rels/.rels
2024-07-29 11:07:694 DEBUG POIXMLFactory:65 - using default POIXMLDocumentPart for http://schemas.openxmlformats.org/officeDocument/2006/relationships/printerSettings
2024-07-29 11:07:180 DEBUG PackageRelationshipCollection:307 - Parsing relationship: /xl/_rels/workbook.xml.rels
2024-07-29 11:07:187 DEBUG PackageRelationshipCollection:307 - Parsing relationship: /xl/worksheets/_rels/sheet1.xml.rels
2024-07-29 11:07:189 DEBUG PackageRelationshipCollection:307 - Parsing relationship: /_rels/.rels
2024-07-29 11:07:431 DEBUG POIXMLFactory:65 - using default POIXMLDocumentPart for http://schemas.openxmlformats.org/officeDocument/2006/relationships/printerSettings
2024-07-29 11:07:497 DEBUG PackageRelationshipCollection:307 - Parsing relationship: /xl/_rels/workbook.xml.rels
2024-07-29 11:07:498 DEBUG PackageRelationshipCollection:307 - Parsing relationship: /xl/worksheets/_rels/sheet1.xml.rels
2024-07-29 11:07:499 DEBUG PackageRelationshipCollection:307 - Parsing relationship: /_rels/.rels
2024-07-29 11:07:508 DEBUG POIXMLFactory:65 - using default POIXMLDocumentPart for http://schemas.openxmlformats.org/officeDocument/2006/relationships/printerSettings
2024-07-29 11:07:520 DEBUG PackageRelationshipCollection:307 - Parsing relationship: /xl/_rels/workbook.xml.rels
2024-07-29 11:07:521 DEBUG PackageRelationshipCollection:307 - Parsing relationship: /xl/worksheets/_rels/sheet1.xml.rels
2024-07-29 11:07:522 DEBUG PackageRelationshipCollection:307 - Parsing relationship: /_rels/.rels
2024-07-29 11:07:529 DEBUG POIXMLFactory:65 - using default POIXMLDocumentPart for http://schemas.openxmlformats.org/officeDocument/2006/relationships/printerSettings
2024-07-29 11:07:545 DEBUG PackageRelationshipCollection:307 - Parsing relationship: /xl/_rels/workbook.xml.rels
2024-07-29 11:07:545 DEBUG PackageRelationshipCollection:307 - Parsing relationship: /xl/worksheets/_rels/sheet1.xml.rels
2024-07-29 11:07:546 DEBUG PackageRelationshipCollection:307 - Parsing relationship: /_rels/.rels
2024-07-29 11:07:553 DEBUG POIXMLFactory:65 - using default POIXMLDocumentPart for http://schemas.openxmlformats.org/officeDocument/2006/relationships/printerSettings
2024-07-29 11:07:563 DEBUG PackageRelationshipCollection:307 - Parsing relationship: /xl/_rels/workbook.xml.rels
2024-07-29 11:07:564 DEBUG PackageRelationshipCollection:307 - Parsing relationship: /xl/worksheets/_rels/sheet1.xml.rels
2024-07-29 11:07:565 DEBUG PackageRelationshipCollection:307 - Parsing relationship: /_rels/.rels
2024-07-29 11:07:572 DEBUG POIXMLFactory:65 - using default POIXMLDocumentPart for http://schemas.openxmlformats.org/officeDocument/2006/relationships/printerSettings
2024-07-29 11:07:583 DEBUG PackageRelationshipCollection:307 - Parsing relationship: /xl/_rels/workbook.xml.rels
2024-07-29 11:07:584 DEBUG PackageRelationshipCollection:307 - Parsing relationship: /xl/worksheets/_rels/sheet1.xml.rels
2024-07-29 11:07:584 DEBUG PackageRelationshipCollection:307 - Parsing relationship: /_rels/.rels
2024-07-29 11:07:593 DEBUG POIXMLFactory:65 - using default POIXMLDocumentPart for http://schemas.openxmlformats.org/officeDocument/2006/relationships/printerSettings
2024-07-29 11:07:604 DEBUG PackageRelationshipCollection:307 - Parsing relationship: /xl/_rels/workbook.xml.rels
2024-07-29 11:07:605 DEBUG PackageRelationshipCollection:307 - Parsing relationship: /xl/worksheets/_rels/sheet1.xml.rels
2024-07-29 11:07:606 DEBUG PackageRelationshipCollection:307 - Parsing relationship: /_rels/.rels
2024-07-29 11:07:614 DEBUG POIXMLFactory:65 - using default POIXMLDocumentPart for http://schemas.openxmlformats.org/officeDocument/2006/relationships/printerSettings
2024-07-29 11:07:625 DEBUG PackageRelationshipCollection:307 - Parsing relationship: /xl/_rels/workbook.xml.rels
2024-07-29 11:07:626 DEBUG PackageRelationshipCollection:307 - Parsing relationship: /xl/worksheets/_rels/sheet1.xml.rels
2024-07-29 11:07:626 DEBUG PackageRelationshipCollection:307 - Parsing relationship: /_rels/.rels
2024-07-29 11:07:632 DEBUG POIXMLFactory:65 - using default POIXMLDocumentPart for http://schemas.openxmlformats.org/officeDocument/2006/relationships/printerSettings
2024-07-29 11:07:641 DEBUG PackageRelationshipCollection:307 - Parsing relationship: /xl/_rels/workbook.xml.rels
2024-07-29 11:07:642 DEBUG PackageRelationshipCollection:307 - Parsing relationship: /xl/worksheets/_rels/sheet1.xml.rels
2024-07-29 11:07:642 DEBUG PackageRelationshipCollection:307 - Parsing relationship: /_rels/.rels
2024-07-29 11:07:649 DEBUG POIXMLFactory:65 - using default POIXMLDocumentPart for http://schemas.openxmlformats.org/officeDocument/2006/relationships/printerSettings
2024-07-29 11:07:659 DEBUG PackageRelationshipCollection:307 - Parsing relationship: /xl/_rels/workbook.xml.rels
2024-07-29 11:07:660 DEBUG PackageRelationshipCollection:307 - Parsing relationship: /xl/worksheets/_rels/sheet1.xml.rels
2024-07-29 11:07:661 DEBUG PackageRelationshipCollection:307 - Parsing relationship: /_rels/.rels
2024-07-29 11:07:671 DEBUG POIXMLFactory:65 - using default POIXMLDocumentPart for http://schemas.openxmlformats.org/officeDocument/2006/relationships/printerSettings
2024-07-29 11:07:681 DEBUG PackageRelationshipCollection:307 - Parsing relationship: /xl/_rels/workbook.xml.rels
2024-07-29 11:07:682 DEBUG PackageRelationshipCollection:307 - Parsing relationship: /xl/worksheets/_rels/sheet1.xml.rels
2024-07-29 11:07:682 DEBUG PackageRelationshipCollection:307 - Parsing relationship: /_rels/.rels
2024-07-29 11:07:689 DEBUG POIXMLFactory:65 - using default POIXMLDocumentPart for http://schemas.openxmlformats.org/officeDocument/2006/relationships/printerSettings
2024-07-29 11:07:698 DEBUG PackageRelationshipCollection:307 - Parsing relationship: /xl/_rels/workbook.xml.rels
2024-07-29 11:07:699 DEBUG PackageRelationshipCollection:307 - Parsing relationship: /xl/worksheets/_rels/sheet1.xml.rels
2024-07-29 11:07:701 DEBUG PackageRelationshipCollection:307 - Parsing relationship: /_rels/.rels
2024-07-29 11:07:707 DEBUG POIXMLFactory:65 - using default POIXMLDocumentPart for http://schemas.openxmlformats.org/officeDocument/2006/relationships/printerSettings
2024-07-29 11:07:717 DEBUG PackageRelationshipCollection:307 - Parsing relationship: /xl/_rels/workbook.xml.rels
2024-07-29 11:07:718 DEBUG PackageRelationshipCollection:307 - Parsing relationship: /xl/worksheets/_rels/sheet1.xml.rels
2024-07-29 11:07:718 DEBUG PackageRelationshipCollection:307 - Parsing relationship: /_rels/.rels
2024-07-29 11:07:724 DEBUG POIXMLFactory:65 - using default POIXMLDocumentPart for http://schemas.openxmlformats.org/officeDocument/2006/relationships/printerSettings
2024-07-29 11:07:735 DEBUG PackageRelationshipCollection:307 - Parsing relationship: /xl/_rels/workbook.xml.rels
2024-07-29 11:07:737 DEBUG PackageRelationshipCollection:307 - Parsing relationship: /xl/worksheets/_rels/sheet1.xml.rels
2024-07-29 11:07:738 DEBUG PackageRelationshipCollection:307 - Parsing relationship: /_rels/.rels
2024-07-29 11:07:755 DEBUG POIXMLFactory:65 - using default POIXMLDocumentPart for http://schemas.openxmlformats.org/officeDocument/2006/relationships/printerSettings
2024-07-29 11:07:764 DEBUG PackageRelationshipCollection:307 - Parsing relationship: /xl/_rels/workbook.xml.rels
2024-07-29 11:07:765 DEBUG PackageRelationshipCollection:307 - Parsing relationship: /xl/worksheets/_rels/sheet1.xml.rels
2024-07-29 11:07:766 DEBUG PackageRelationshipCollection:307 - Parsing relationship: /_rels/.rels
2024-07-29 11:07:772 DEBUG POIXMLFactory:65 - using default POIXMLDocumentPart for http://schemas.openxmlformats.org/officeDocument/2006/relationships/printerSettings
2024-07-29 11:07:780 DEBUG PackageRelationshipCollection:307 - Parsing relationship: /xl/_rels/workbook.xml.rels
2024-07-29 11:07:781 DEBUG PackageRelationshipCollection:307 - Parsing relationship: /xl/worksheets/_rels/sheet1.xml.rels
2024-07-29 11:07:782 DEBUG PackageRelationshipCollection:307 - Parsing relationship: /_rels/.rels
2024-07-29 11:07:787 DEBUG POIXMLFactory:65 - using default POIXMLDocumentPart for http://schemas.openxmlformats.org/officeDocument/2006/relationships/printerSettings
2024-07-29 11:07:794 DEBUG PackageRelationshipCollection:307 - Parsing relationship: /xl/_rels/workbook.xml.rels
2024-07-29 11:07:795 DEBUG PackageRelationshipCollection:307 - Parsing relationship: /xl/worksheets/_rels/sheet1.xml.rels
2024-07-29 11:07:796 DEBUG PackageRelationshipCollection:307 - Parsing relationship: /_rels/.rels
2024-07-29 11:07:800 DEBUG POIXMLFactory:65 - using default POIXMLDocumentPart for http://schemas.openxmlformats.org/officeDocument/2006/relationships/printerSettings
2024-07-29 11:07:398 DEBUG TestNG:82 - suiteXmlPath: "C:\Users\rakes\eclipse-workspace\OpencartFramework\master.xml"
